  [1m[35m (0.1ms)[0m  [1m[34mSELECT sqlite_version(*)[0m
  ↳ bin/rails:9
  [1m[35m (1.1ms)[0m  [1m[35mCREATE TABLE "schema_migrations" ("version" varchar NOT NULL PRIMARY KEY)[0m
  ↳ bin/rails:9
  [1m[35m (0.7ms)[0m  [1m[35mCREATE TABLE "ar_internal_metadata" ("key" varchar NOT NULL PRIMARY KEY, "value" varchar, "created_at" datetime NOT NULL, "updated_at" datetime NOT NULL)[0m
  ↳ bin/rails:9
  [1m[35m (0.1ms)[0m  [1m[34mSELECT "schema_migrations"."version" FROM "schema_migrations" ORDER BY "schema_migrations"."version" ASC[0m
  ↳ bin/rails:9
Migrating to CreateAlbums (20181105185931)
  [1m[35m (0.0ms)[0m  [1m[36mbegin transaction[0m
  ↳ bin/rails:9
  [1m[35m (0.4ms)[0m  [1m[35mCREATE TABLE "albums" ("id" integer PRIMARY KEY AUTOINCREMENT NOT NULL, "name" varchar, "key_photo" varchar, "event" varchar, "location" varchar, "created_at" datetime NOT NULL, "updated_at" datetime NOT NULL)[0m
  ↳ db/migrate/20181105185931_create_albums.rb:3
  [1m[36mActiveRecord::SchemaMigration Create (0.2ms)[0m  [1m[32mINSERT INTO "schema_migrations" ("version") VALUES (?)[0m  [["version", "20181105185931"]]
  ↳ bin/rails:9
  [1m[35m (0.6ms)[0m  [1m[36mcommit transaction[0m
  ↳ bin/rails:9
  [1m[36mActiveRecord::InternalMetadata Load (0.1ms)[0m  [1m[34mSELECT  "ar_internal_metadata".* FROM "ar_internal_metadata" WHERE "ar_internal_metadata"."key" = ? LIMIT ?[0m  [["key", "environment"], ["LIMIT", 1]]
  ↳ bin/rails:9
  [1m[35m (0.1ms)[0m  [1m[36mbegin transaction[0m
  ↳ bin/rails:9
  [1m[36mActiveRecord::InternalMetadata Create (0.3ms)[0m  [1m[32mINSERT INTO "ar_internal_metadata" ("key", "value", "created_at", "updated_at") VALUES (?, ?, ?, ?)[0m  [["key", "environment"], ["value", "development"], ["created_at", "2018-11-05 19:00:17.343248"], ["updated_at", "2018-11-05 19:00:17.343248"]]
  ↳ bin/rails:9
  [1m[35m (0.6ms)[0m  [1m[36mcommit transaction[0m
  ↳ bin/rails:9
  [1m[35m (0.1ms)[0m  [1m[34mSELECT "schema_migrations"."version" FROM "schema_migrations" ORDER BY "schema_migrations"."version" ASC[0m
  ↳ bin/rails:9
  [1m[35m (0.1ms)[0m  [1m[34mSELECT "schema_migrations"."version" FROM "schema_migrations" ORDER BY "schema_migrations"."version" ASC[0m
  ↳ /Users/saud/.rvm/gems/ruby-2.5.3/bin/annotate:23
  [1m[35m (0.1ms)[0m  [1m[34mSELECT "schema_migrations"."version" FROM "schema_migrations" ORDER BY "schema_migrations"."version" ASC[0m
  ↳ bin/rails:9
  [1m[36mAlbum Load (0.1ms)[0m  [1m[34mSELECT "albums".* FROM "albums"[0m
  ↳ db/seeds.rb:8
  [1m[35m (0.0ms)[0m  [1m[36mbegin transaction[0m
  ↳ db/seeds.rb:10
  [1m[36mAlbum Create (0.3ms)[0m  [1m[32mINSERT INTO "albums" ("name", "key_photo", "event", "location", "created_at", "updated_at") VALUES (?, ?, ?, ?, ?, ?)[0m  [["name", "Marbury Farm Group"], ["key_photo", "http://www.marburyfarmride.co.uk/images/marbury_farm_ride_logo.png"], ["event", "camping"], ["location", "Wollongong"], ["created_at", "2018-11-05 19:34:22.645206"], ["updated_at", "2018-11-05 19:34:22.645206"]]
  ↳ db/seeds.rb:10
  [1m[35m (0.8ms)[0m  [1m[36mcommit transaction[0m
  ↳ db/seeds.rb:10
  [1m[35m (0.0ms)[0m  [1m[36mbegin transaction[0m
  ↳ db/seeds.rb:11
  [1m[36mAlbum Create (0.2ms)[0m  [1m[32mINSERT INTO "albums" ("name", "key_photo", "event", "location", "created_at", "updated_at") VALUES (?, ?, ?, ?, ?, ?)[0m  [["name", "Marbury Farm Club"], ["key_photo", "http://www.marburyfarmride.co.uk/images/marbury_farm_ride_logo.png"], ["event", "camping"], ["location", "Wollongong"], ["created_at", "2018-11-05 19:34:22.647558"], ["updated_at", "2018-11-05 19:34:22.647558"]]
  ↳ db/seeds.rb:11
  [1m[35m (0.5ms)[0m  [1m[36mcommit transaction[0m
  ↳ db/seeds.rb:11
  [1m[35m (0.0ms)[0m  [1m[36mbegin transaction[0m
  ↳ db/seeds.rb:12
  [1m[36mAlbum Create (0.3ms)[0m  [1m[32mINSERT INTO "albums" ("name", "key_photo", "event", "location", "created_at", "updated_at") VALUES (?, ?, ?, ?, ?, ?)[0m  [["name", "Fitzroy Falls Group"], ["key_photo", "https://encrypted-tbn0.gstatic.com/images?q=tbn:ANd9GcTda6S8eTX-XfIvZGRGt3qdoLzRIY_7MEgDPDcDYdBl5XHcjAnspQ"], ["event", "picnic"], ["location", "Wollongong"], ["created_at", "2018-11-05 19:34:22.649374"], ["updated_at", "2018-11-05 19:34:22.649374"]]
  ↳ db/seeds.rb:12
  [1m[35m (0.5ms)[0m  [1m[36mcommit transaction[0m
  ↳ db/seeds.rb:12
  [1m[36mAlbum Load (0.6ms)[0m  [1m[34mSELECT  "albums".* FROM "albums" LIMIT ?[0m  [["LIMIT", 11]]
Started GET "/" for 127.0.0.1 at 2018-11-05 22:58:52 +0300
  [1m[35m (0.1ms)[0m  [1m[34mSELECT "schema_migrations"."version" FROM "schema_migrations" ORDER BY "schema_migrations"."version" ASC[0m
  ↳ /Users/saud/.rvm/gems/ruby-2.5.3/gems/activerecord-5.2.1/lib/active_record/log_subscriber.rb:98
Processing by Rails::WelcomeController#index as HTML
  Rendering /Users/saud/.rvm/gems/ruby-2.5.3/gems/railties-5.2.1/lib/rails/templates/rails/welcome/index.html.erb
  Rendered /Users/saud/.rvm/gems/ruby-2.5.3/gems/railties-5.2.1/lib/rails/templates/rails/welcome/index.html.erb (2.8ms)
Completed 200 OK in 15ms (Views: 8.6ms | ActiveRecord: 0.0ms)


Started GET "/Albums" for 127.0.0.1 at 2018-11-05 22:59:03 +0300
  
ActionController::RoutingError (No route matches [GET] "/Albums"):
  
actionpack (5.2.1) lib/action_dispatch/middleware/debug_exceptions.rb:65:in `call'
web-console (3.7.0) lib/web_console/middleware.rb:135:in `call_app'
web-console (3.7.0) lib/web_console/middleware.rb:30:in `block in call'
web-console (3.7.0) lib/web_console/middleware.rb:20:in `catch'
web-console (3.7.0) lib/web_console/middleware.rb:20:in `call'
actionpack (5.2.1) lib/action_dispatch/middleware/show_exceptions.rb:33:in `call'
railties (5.2.1) lib/rails/rack/logger.rb:38:in `call_app'
railties (5.2.1) lib/rails/rack/logger.rb:26:in `block in call'
activesupport (5.2.1) lib/active_support/tagged_logging.rb:71:in `block in tagged'
activesupport (5.2.1) lib/active_support/tagged_logging.rb:28:in `tagged'
activesupport (5.2.1) lib/active_support/tagged_logging.rb:71:in `tagged'
railties (5.2.1) lib/rails/rack/logger.rb:26:in `call'
sprockets-rails (3.2.1) lib/sprockets/rails/quiet_assets.rb:13:in `call'
actionpack (5.2.1) lib/action_dispatch/middleware/remote_ip.rb:81:in `call'
actionpack (5.2.1) lib/action_dispatch/middleware/request_id.rb:27:in `call'
rack (2.0.5) lib/rack/method_override.rb:22:in `call'
rack (2.0.5) lib/rack/runtime.rb:22:in `call'
activesupport (5.2.1) lib/active_support/cache/strategy/local_cache_middleware.rb:29:in `call'
actionpack (5.2.1) lib/action_dispatch/middleware/executor.rb:14:in `call'
actionpack (5.2.1) lib/action_dispatch/middleware/static.rb:127:in `call'
rack (2.0.5) lib/rack/sendfile.rb:111:in `call'
railties (5.2.1) lib/rails/engine.rb:524:in `call'
puma (3.12.0) lib/puma/configuration.rb:225:in `call'
puma (3.12.0) lib/puma/server.rb:658:in `handle_request'
puma (3.12.0) lib/puma/server.rb:472:in `process_client'
puma (3.12.0) lib/puma/server.rb:332:in `block in run'
puma (3.12.0) lib/puma/thread_pool.rb:133:in `block in spawn_thread'
Started GET "/albums" for 127.0.0.1 at 2018-11-05 23:00:22 +0300
Processing by AlbumsController#index as HTML
  Rendering albums/index.html.erb within layouts/application
  Rendered albums/index.html.erb within layouts/application (0.8ms)
Completed 200 OK in 492ms (Views: 490.1ms | ActiveRecord: 0.0ms)


Started GET "/albums" for 127.0.0.1 at 2018-11-05 23:08:53 +0300
Processing by AlbumsController#index as HTML
  Rendering albums/index.html.erb within layouts/application
  Rendered albums/index.html.erb within layouts/application (0.6ms)
Completed 500 Internal Server Error in 10ms (ActiveRecord: 0.0ms)


  
SyntaxError (/Users/saud/wdi/wdi-oryx-homework/Saud_Almotairy/week_06/day_01/SaudPhotosLiberary/app/views/albums/index.html.erb:5: syntax error, unexpected ')', expecting &. or :: or '[' or '.'
...album.name, album_path(album) );@output_buffer.safe_append='
...                              ^
/Users/saud/wdi/wdi-oryx-homework/Saud_Almotairy/week_06/day_01/SaudPhotosLiberary/app/views/albums/index.html.erb:7: syntax error, unexpected keyword_end, expecting ')'
'.freeze; end ;@output_buffer.safe_append=...
          ^~~
/Users/saud/wdi/wdi-oryx-homework/Saud_Almotairy/week_06/day_01/SaudPhotosLiberary/app/views/albums/index.html.erb:11: syntax error, unexpected keyword_ensure, expecting ')'
          ensure
          ^~~~~~
/Users/saud/wdi/wdi-oryx-homework/Saud_Almotairy/week_06/day_01/SaudPhotosLiberary/app/views/albums/index.html.erb:13: syntax error, unexpected keyword_end, expecting ')'
          end
          ^~~):
  
app/views/albums/index.html.erb:5: syntax error, unexpected ')', expecting &. or :: or '[' or '.'
app/views/albums/index.html.erb:7: syntax error, unexpected keyword_end, expecting ')'
app/views/albums/index.html.erb:11: syntax error, unexpected keyword_ensure, expecting ')'
app/views/albums/index.html.erb:13: syntax error, unexpected keyword_end, expecting ')'
Started GET "/albums" for 127.0.0.1 at 2018-11-05 23:09:48 +0300
Processing by AlbumsController#index as HTML
  Rendering albums/index.html.erb within layouts/application
  Rendered albums/index.html.erb within layouts/application (0.6ms)
Completed 500 Internal Server Error in 8ms (ActiveRecord: 0.0ms)


  
SyntaxError (/Users/saud/wdi/wdi-oryx-homework/Saud_Almotairy/week_06/day_01/SaudPhotosLiberary/app/views/albums/index.html.erb:5: syntax error, unexpected ')', expecting &. or :: or '[' or '.'
...(album.name, album_path(album)) );@output_buffer.safe_append...
...                              ^
/Users/saud/wdi/wdi-oryx-homework/Saud_Almotairy/week_06/day_01/SaudPhotosLiberary/app/views/albums/index.html.erb:7: syntax error, unexpected keyword_end, expecting ')'
'.freeze; end ;@output_buffer.safe_append=...
          ^~~
/Users/saud/wdi/wdi-oryx-homework/Saud_Almotairy/week_06/day_01/SaudPhotosLiberary/app/views/albums/index.html.erb:11: syntax error, unexpected keyword_ensure, expecting ')'
          ensure
          ^~~~~~
/Users/saud/wdi/wdi-oryx-homework/Saud_Almotairy/week_06/day_01/SaudPhotosLiberary/app/views/albums/index.html.erb:13: syntax error, unexpected keyword_end, expecting ')'
          end
          ^~~):
  
app/views/albums/index.html.erb:5: syntax error, unexpected ')', expecting &. or :: or '[' or '.'
app/views/albums/index.html.erb:7: syntax error, unexpected keyword_end, expecting ')'
app/views/albums/index.html.erb:11: syntax error, unexpected keyword_ensure, expecting ')'
app/views/albums/index.html.erb:13: syntax error, unexpected keyword_end, expecting ')'
Started GET "/albums" for 127.0.0.1 at 2018-11-05 23:09:49 +0300
Processing by AlbumsController#index as HTML
  Rendering albums/index.html.erb within layouts/application
  Rendered albums/index.html.erb within layouts/application (0.7ms)
Completed 500 Internal Server Error in 7ms (ActiveRecord: 0.0ms)


  
SyntaxError (/Users/saud/wdi/wdi-oryx-homework/Saud_Almotairy/week_06/day_01/SaudPhotosLiberary/app/views/albums/index.html.erb:5: syntax error, unexpected ')', expecting &. or :: or '[' or '.'
...(album.name, album_path(album)) );@output_buffer.safe_append...
...                              ^
/Users/saud/wdi/wdi-oryx-homework/Saud_Almotairy/week_06/day_01/SaudPhotosLiberary/app/views/albums/index.html.erb:7: syntax error, unexpected keyword_end, expecting ')'
'.freeze; end ;@output_buffer.safe_append=...
          ^~~
/Users/saud/wdi/wdi-oryx-homework/Saud_Almotairy/week_06/day_01/SaudPhotosLiberary/app/views/albums/index.html.erb:11: syntax error, unexpected keyword_ensure, expecting ')'
          ensure
          ^~~~~~
/Users/saud/wdi/wdi-oryx-homework/Saud_Almotairy/week_06/day_01/SaudPhotosLiberary/app/views/albums/index.html.erb:13: syntax error, unexpected keyword_end, expecting ')'
          end
          ^~~):
  
app/views/albums/index.html.erb:5: syntax error, unexpected ')', expecting &. or :: or '[' or '.'
app/views/albums/index.html.erb:7: syntax error, unexpected keyword_end, expecting ')'
app/views/albums/index.html.erb:11: syntax error, unexpected keyword_ensure, expecting ')'
app/views/albums/index.html.erb:13: syntax error, unexpected keyword_end, expecting ')'
Started GET "/albums" for 127.0.0.1 at 2018-11-05 23:10:01 +0300
Processing by AlbumsController#index as HTML
  Rendering albums/index.html.erb within layouts/application
  Rendered albums/index.html.erb within layouts/application (0.5ms)
Completed 500 Internal Server Error in 7ms (ActiveRecord: 0.0ms)


  
SyntaxError (/Users/saud/wdi/wdi-oryx-homework/Saud_Almotairy/week_06/day_01/SaudPhotosLiberary/app/views/albums/index.html.erb:5: syntax error, unexpected ')', expecting &. or :: or '[' or '.'
...(album.name, album_path(album)) );@output_buffer.safe_append...
...                              ^
/Users/saud/wdi/wdi-oryx-homework/Saud_Almotairy/week_06/day_01/SaudPhotosLiberary/app/views/albums/index.html.erb:7: syntax error, unexpected keyword_end, expecting ')'
'.freeze; end ;@output_buffer.safe_append=...
          ^~~
/Users/saud/wdi/wdi-oryx-homework/Saud_Almotairy/week_06/day_01/SaudPhotosLiberary/app/views/albums/index.html.erb:11: syntax error, unexpected keyword_ensure, expecting ')'
          ensure
          ^~~~~~
/Users/saud/wdi/wdi-oryx-homework/Saud_Almotairy/week_06/day_01/SaudPhotosLiberary/app/views/albums/index.html.erb:13: syntax error, unexpected keyword_end, expecting ')'
          end
          ^~~):
  
app/views/albums/index.html.erb:5: syntax error, unexpected ')', expecting &. or :: or '[' or '.'
app/views/albums/index.html.erb:7: syntax error, unexpected keyword_end, expecting ')'
app/views/albums/index.html.erb:11: syntax error, unexpected keyword_ensure, expecting ')'
app/views/albums/index.html.erb:13: syntax error, unexpected keyword_end, expecting ')'
Started GET "/albums" for 127.0.0.1 at 2018-11-05 23:11:19 +0300
Processing by AlbumsController#index as HTML
  Rendering albums/index.html.erb within layouts/application
  Rendered albums/index.html.erb within layouts/application (0.7ms)
Completed 500 Internal Server Error in 8ms (ActiveRecord: 0.0ms)


  
SyntaxError (/Users/saud/wdi/wdi-oryx-homework/Saud_Almotairy/week_06/day_01/SaudPhotosLiberary/app/views/albums/index.html.erb:5: syntax error, unexpected ')', expecting &. or :: or '[' or '.'
...(album.name, album_path(album)) );@output_buffer.safe_append...
...                              ^
/Users/saud/wdi/wdi-oryx-homework/Saud_Almotairy/week_06/day_01/SaudPhotosLiberary/app/views/albums/index.html.erb:7: syntax error, unexpected keyword_end, expecting ')'
'.freeze; end 
          ^~~
/Users/saud/wdi/wdi-oryx-homework/Saud_Almotairy/week_06/day_01/SaudPhotosLiberary/app/views/albums/index.html.erb:11: syntax error, unexpected keyword_ensure, expecting ')'
          ensure
          ^~~~~~
/Users/saud/wdi/wdi-oryx-homework/Saud_Almotairy/week_06/day_01/SaudPhotosLiberary/app/views/albums/index.html.erb:13: syntax error, unexpected keyword_end, expecting ')'
          end
          ^~~):
  
app/views/albums/index.html.erb:5: syntax error, unexpected ')', expecting &. or :: or '[' or '.'
app/views/albums/index.html.erb:7: syntax error, unexpected keyword_end, expecting ')'
app/views/albums/index.html.erb:11: syntax error, unexpected keyword_ensure, expecting ')'
app/views/albums/index.html.erb:13: syntax error, unexpected keyword_end, expecting ')'
Started GET "/albums" for 127.0.0.1 at 2018-11-05 23:11:20 +0300
Processing by AlbumsController#index as HTML
  Rendering albums/index.html.erb within layouts/application
  Rendered albums/index.html.erb within layouts/application (0.5ms)
Completed 500 Internal Server Error in 6ms (ActiveRecord: 0.0ms)


  
SyntaxError (/Users/saud/wdi/wdi-oryx-homework/Saud_Almotairy/week_06/day_01/SaudPhotosLiberary/app/views/albums/index.html.erb:5: syntax error, unexpected ')', expecting &. or :: or '[' or '.'
...(album.name, album_path(album)) );@output_buffer.safe_append...
...                              ^
/Users/saud/wdi/wdi-oryx-homework/Saud_Almotairy/week_06/day_01/SaudPhotosLiberary/app/views/albums/index.html.erb:7: syntax error, unexpected keyword_end, expecting ')'
'.freeze; end 
          ^~~
/Users/saud/wdi/wdi-oryx-homework/Saud_Almotairy/week_06/day_01/SaudPhotosLiberary/app/views/albums/index.html.erb:11: syntax error, unexpected keyword_ensure, expecting ')'
          ensure
          ^~~~~~
/Users/saud/wdi/wdi-oryx-homework/Saud_Almotairy/week_06/day_01/SaudPhotosLiberary/app/views/albums/index.html.erb:13: syntax error, unexpected keyword_end, expecting ')'
          end
          ^~~):
  
app/views/albums/index.html.erb:5: syntax error, unexpected ')', expecting &. or :: or '[' or '.'
app/views/albums/index.html.erb:7: syntax error, unexpected keyword_end, expecting ')'
app/views/albums/index.html.erb:11: syntax error, unexpected keyword_ensure, expecting ')'
app/views/albums/index.html.erb:13: syntax error, unexpected keyword_end, expecting ')'
Started GET "/albums" for 127.0.0.1 at 2018-11-05 23:11:23 +0300
Processing by AlbumsController#index as HTML
  Rendering albums/index.html.erb within layouts/application
  Rendered albums/index.html.erb within layouts/application (0.5ms)
Completed 500 Internal Server Error in 7ms (ActiveRecord: 0.0ms)


  
SyntaxError (/Users/saud/wdi/wdi-oryx-homework/Saud_Almotairy/week_06/day_01/SaudPhotosLiberary/app/views/albums/index.html.erb:5: syntax error, unexpected ')', expecting &. or :: or '[' or '.'
...(album.name, album_path(album)) );@output_buffer.safe_append...
...                              ^
/Users/saud/wdi/wdi-oryx-homework/Saud_Almotairy/week_06/day_01/SaudPhotosLiberary/app/views/albums/index.html.erb:7: syntax error, unexpected keyword_end, expecting ')'
'.freeze; end 
          ^~~
/Users/saud/wdi/wdi-oryx-homework/Saud_Almotairy/week_06/day_01/SaudPhotosLiberary/app/views/albums/index.html.erb:11: syntax error, unexpected keyword_ensure, expecting ')'
          ensure
          ^~~~~~
/Users/saud/wdi/wdi-oryx-homework/Saud_Almotairy/week_06/day_01/SaudPhotosLiberary/app/views/albums/index.html.erb:13: syntax error, unexpected keyword_end, expecting ')'
          end
          ^~~):
  
app/views/albums/index.html.erb:5: syntax error, unexpected ')', expecting &. or :: or '[' or '.'
app/views/albums/index.html.erb:7: syntax error, unexpected keyword_end, expecting ')'
app/views/albums/index.html.erb:11: syntax error, unexpected keyword_ensure, expecting ')'
app/views/albums/index.html.erb:13: syntax error, unexpected keyword_end, expecting ')'
Started GET "/albums" for 127.0.0.1 at 2018-11-05 23:12:28 +0300
Processing by AlbumsController#index as HTML
  Rendering albums/index.html.erb within layouts/application
  [1m[36mAlbum Load (0.2ms)[0m  [1m[34mSELECT "albums".* FROM "albums"[0m
  ↳ app/views/albums/index.html.erb:3
  Rendered albums/index.html.erb within layouts/application (17.5ms)
Completed 200 OK in 36ms (Views: 32.7ms | ActiveRecord: 0.6ms)


Started GET "/albums" for 127.0.0.1 at 2018-11-05 23:13:38 +0300
Processing by AlbumsController#index as HTML
  Rendering albums/index.html.erb within layouts/application
  [1m[36mAlbum Load (0.2ms)[0m  [1m[34mSELECT "albums".* FROM "albums"[0m
  ↳ app/views/albums/index.html.erb:3
  Rendered albums/index.html.erb within layouts/application (1.4ms)
Completed 200 OK in 18ms (Views: 15.9ms | ActiveRecord: 0.2ms)


Started GET "/albums/1" for 127.0.0.1 at 2018-11-05 23:13:40 +0300
Processing by AlbumsController#show as HTML
  Parameters: {"id"=>"1"}
  Rendering albums/show.html.erb within layouts/application
  Rendered albums/show.html.erb within layouts/application (0.4ms)
Completed 200 OK in 19ms (Views: 15.8ms | ActiveRecord: 0.0ms)


Started GET "/albums/2" for 127.0.0.1 at 2018-11-05 23:13:44 +0300
Processing by AlbumsController#show as HTML
  Parameters: {"id"=>"2"}
  Rendering albums/show.html.erb within layouts/application
  Rendered albums/show.html.erb within layouts/application (0.3ms)
Completed 200 OK in 19ms (Views: 15.5ms | ActiveRecord: 0.0ms)


Started GET "/albums/3" for 127.0.0.1 at 2018-11-05 23:13:48 +0300
Processing by AlbumsController#show as HTML
  Parameters: {"id"=>"3"}
  Rendering albums/show.html.erb within layouts/application
  Rendered albums/show.html.erb within layouts/application (0.5ms)
Completed 200 OK in 19ms (Views: 16.0ms | ActiveRecord: 0.0ms)


Started GET "/albums" for 127.0.0.1 at 2018-11-05 23:24:11 +0300
Processing by AlbumsController#index as HTML
  Rendering albums/index.html.erb within layouts/application
  [1m[36mAlbum Load (0.2ms)[0m  [1m[34mSELECT "albums".* FROM "albums"[0m
  ↳ app/views/albums/index.html.erb:3
  Rendered albums/index.html.erb within layouts/application (6.6ms)
Completed 200 OK in 28ms (Views: 23.6ms | ActiveRecord: 0.5ms)


Started GET "/albums" for 127.0.0.1 at 2018-11-05 23:24:12 +0300
Processing by AlbumsController#index as HTML
  Rendering albums/index.html.erb within layouts/application
  [1m[36mAlbum Load (0.2ms)[0m  [1m[34mSELECT "albums".* FROM "albums"[0m
  ↳ app/views/albums/index.html.erb:3
  Rendered albums/index.html.erb within layouts/application (1.6ms)
Completed 200 OK in 18ms (Views: 16.0ms | ActiveRecord: 0.2ms)


Started GET "/albums/1" for 127.0.0.1 at 2018-11-05 23:24:13 +0300
Processing by AlbumsController#show as HTML
  Parameters: {"id"=>"1"}
  [1m[36mAlbum Load (0.2ms)[0m  [1m[34mSELECT  "albums".* FROM "albums" WHERE "albums"."id" = ? LIMIT ?[0m  [["id", 1], ["LIMIT", 1]]
  ↳ app/controllers/albums_controller.rb:7
  Rendering albums/show.html.erb within layouts/application
  Rendered albums/show.html.erb within layouts/application (0.6ms)
Completed 200 OK in 21ms (Views: 14.9ms | ActiveRecord: 0.2ms)


Started GET "/albums/1" for 127.0.0.1 at 2018-11-05 23:25:58 +0300
Processing by AlbumsController#show as HTML
  Parameters: {"id"=>"1"}
  [1m[36mAlbum Load (0.1ms)[0m  [1m[34mSELECT  "albums".* FROM "albums" WHERE "albums"."id" = ? LIMIT ?[0m  [["id", 1], ["LIMIT", 1]]
  ↳ app/controllers/albums_controller.rb:7
  Rendering albums/show.html.erb within layouts/application
  Rendered albums/show.html.erb within layouts/application (0.4ms)
Completed 200 OK in 17ms (Views: 14.6ms | ActiveRecord: 0.1ms)


Started GET "/albums/1" for 127.0.0.1 at 2018-11-05 23:30:52 +0300
Processing by AlbumsController#show as HTML
  Parameters: {"id"=>"1"}
  [1m[36mAlbum Load (0.1ms)[0m  [1m[34mSELECT  "albums".* FROM "albums" WHERE "albums"."id" = ? LIMIT ?[0m  [["id", 1], ["LIMIT", 1]]
  ↳ app/controllers/albums_controller.rb:7
  Rendering albums/show.html.erb within layouts/application
  Rendered albums/show.html.erb within layouts/application (207.8ms)
Completed 500 Internal Server Error in 215ms (ActiveRecord: 0.1ms)


  
ActionView::Template::Error (undefined local variable or method `album' for #<#<Class:0x00007f8d67b8d160>:0x00007f8d6c919c30>
Did you mean?  @album):
    2: <%= @album.name%>
    3: </h2>
    4: <p>
    5: Key Photo <%= album.key_photo%>
    6: </p>
  
app/views/albums/show.html.erb:5:in `_app_views_albums_show_html_erb___766994368178322747_70122694302140'
Started GET "/albums/1" for 127.0.0.1 at 2018-11-05 23:31:24 +0300
Processing by AlbumsController#show as HTML
  Parameters: {"id"=>"1"}
  [1m[36mAlbum Load (0.1ms)[0m  [1m[34mSELECT  "albums".* FROM "albums" WHERE "albums"."id" = ? LIMIT ?[0m  [["id", 1], ["LIMIT", 1]]
  ↳ app/controllers/albums_controller.rb:7
  Rendering albums/show.html.erb within layouts/application
  Rendered albums/show.html.erb within layouts/application (0.5ms)
Completed 200 OK in 21ms (Views: 18.0ms | ActiveRecord: 0.1ms)


Started GET "/albums/1" for 127.0.0.1 at 2018-11-05 23:32:15 +0300
Processing by AlbumsController#show as HTML
  Parameters: {"id"=>"1"}
  [1m[36mAlbum Load (0.1ms)[0m  [1m[34mSELECT  "albums".* FROM "albums" WHERE "albums"."id" = ? LIMIT ?[0m  [["id", 1], ["LIMIT", 1]]
  ↳ app/controllers/albums_controller.rb:7
  Rendering albums/show.html.erb within layouts/application
  Rendered albums/show.html.erb within layouts/application (0.5ms)
Completed 200 OK in 22ms (Views: 19.3ms | ActiveRecord: 0.1ms)


Started GET "/albums/1" for 127.0.0.1 at 2018-11-05 23:32:19 +0300
Processing by AlbumsController#show as HTML
  Parameters: {"id"=>"1"}
  [1m[36mAlbum Load (0.2ms)[0m  [1m[34mSELECT  "albums".* FROM "albums" WHERE "albums"."id" = ? LIMIT ?[0m  [["id", 1], ["LIMIT", 1]]
  ↳ app/controllers/albums_controller.rb:7
  Rendering albums/show.html.erb within layouts/application
  Rendered albums/show.html.erb within layouts/application (0.4ms)
Completed 200 OK in 22ms (Views: 19.0ms | ActiveRecord: 0.2ms)


Started GET "/albums/1" for 127.0.0.1 at 2018-11-05 23:33:00 +0300
Processing by AlbumsController#show as HTML
  Parameters: {"id"=>"1"}
  [1m[36mAlbum Load (0.1ms)[0m  [1m[34mSELECT  "albums".* FROM "albums" WHERE "albums"."id" = ? LIMIT ?[0m  [["id", 1], ["LIMIT", 1]]
  ↳ app/controllers/albums_controller.rb:7
  Rendering albums/show.html.erb within layouts/application
  Rendered albums/show.html.erb within layouts/application (0.3ms)
Completed 200 OK in 21ms (Views: 18.3ms | ActiveRecord: 0.1ms)


Started GET "/albums/1" for 127.0.0.1 at 2018-11-05 23:33:02 +0300
Processing by AlbumsController#show as HTML
  Parameters: {"id"=>"1"}
  [1m[36mAlbum Load (0.1ms)[0m  [1m[34mSELECT  "albums".* FROM "albums" WHERE "albums"."id" = ? LIMIT ?[0m  [["id", 1], ["LIMIT", 1]]
  ↳ app/controllers/albums_controller.rb:7
  Rendering albums/show.html.erb within layouts/application
  Rendered albums/show.html.erb within layouts/application (15.6ms)
Completed 200 OK in 35ms (Views: 32.8ms | ActiveRecord: 0.1ms)


Started GET "/albums/1" for 127.0.0.1 at 2018-11-05 23:33:02 +0300
Processing by AlbumsController#show as HTML
  Parameters: {"id"=>"1"}
  [1m[36mAlbum Load (0.1ms)[0m  [1m[34mSELECT  "albums".* FROM "albums" WHERE "albums"."id" = ? LIMIT ?[0m  [["id", 1], ["LIMIT", 1]]
  ↳ app/controllers/albums_controller.rb:7
  Rendering albums/show.html.erb within layouts/application
  Rendered albums/show.html.erb within layouts/application (0.3ms)
Completed 200 OK in 21ms (Views: 17.4ms | ActiveRecord: 0.1ms)


Started GET "/albums/1" for 127.0.0.1 at 2018-11-05 23:34:08 +0300
Processing by AlbumsController#show as HTML
  Parameters: {"id"=>"1"}
  [1m[36mAlbum Load (0.1ms)[0m  [1m[34mSELECT  "albums".* FROM "albums" WHERE "albums"."id" = ? LIMIT ?[0m  [["id", 1], ["LIMIT", 1]]
  ↳ app/controllers/albums_controller.rb:7
  Rendering albums/show.html.erb within layouts/application
  Rendered albums/show.html.erb within layouts/application (0.3ms)
Completed 200 OK in 19ms (Views: 16.4ms | ActiveRecord: 0.1ms)


Started GET "/albums/1" for 127.0.0.1 at 2018-11-05 23:34:48 +0300
Processing by AlbumsController#show as HTML
  Parameters: {"id"=>"1"}
  [1m[36mAlbum Load (0.1ms)[0m  [1m[34mSELECT  "albums".* FROM "albums" WHERE "albums"."id" = ? LIMIT ?[0m  [["id", 1], ["LIMIT", 1]]
  ↳ app/controllers/albums_controller.rb:7
  Rendering albums/show.html.erb within layouts/application
  Rendered albums/show.html.erb within layouts/application (0.3ms)
Completed 200 OK in 18ms (Views: 15.9ms | ActiveRecord: 0.1ms)


Started GET "/albums/1" for 127.0.0.1 at 2018-11-05 23:36:12 +0300
Processing by AlbumsController#show as HTML
  Parameters: {"id"=>"1"}
  [1m[36mAlbum Load (0.1ms)[0m  [1m[34mSELECT  "albums".* FROM "albums" WHERE "albums"."id" = ? LIMIT ?[0m  [["id", 1], ["LIMIT", 1]]
  ↳ app/controllers/albums_controller.rb:7
  Rendering albums/show.html.erb within layouts/application
  Rendered albums/show.html.erb within layouts/application (0.4ms)
Completed 200 OK in 19ms (Views: 16.4ms | ActiveRecord: 0.1ms)


Started GET "/albums/1" for 127.0.0.1 at 2018-11-05 23:37:02 +0300
Processing by AlbumsController#show as HTML
  Parameters: {"id"=>"1"}
  [1m[36mAlbum Load (0.1ms)[0m  [1m[34mSELECT  "albums".* FROM "albums" WHERE "albums"."id" = ? LIMIT ?[0m  [["id", 1], ["LIMIT", 1]]
  ↳ app/controllers/albums_controller.rb:7
  Rendering albums/show.html.erb within layouts/application
  Rendered albums/show.html.erb within layouts/application (0.5ms)
Completed 200 OK in 22ms (Views: 19.1ms | ActiveRecord: 0.1ms)


Started GET "/albums/1" for 127.0.0.1 at 2018-11-05 23:38:44 +0300
Processing by AlbumsController#show as HTML
  Parameters: {"id"=>"1"}
  [1m[36mAlbum Load (0.1ms)[0m  [1m[34mSELECT  "albums".* FROM "albums" WHERE "albums"."id" = ? LIMIT ?[0m  [["id", 1], ["LIMIT", 1]]
  ↳ app/controllers/albums_controller.rb:7
  Rendering albums/show.html.erb within layouts/application
  Rendered albums/show.html.erb within layouts/application (0.7ms)
Completed 200 OK in 22ms (Views: 19.0ms | ActiveRecord: 0.1ms)


Started GET "/albums/2" for 127.0.0.1 at 2018-11-05 23:38:54 +0300
Processing by AlbumsController#show as HTML
  Parameters: {"id"=>"2"}
  [1m[36mAlbum Load (0.1ms)[0m  [1m[34mSELECT  "albums".* FROM "albums" WHERE "albums"."id" = ? LIMIT ?[0m  [["id", 2], ["LIMIT", 1]]
  ↳ app/controllers/albums_controller.rb:7
  Rendering albums/show.html.erb within layouts/application
  Rendered albums/show.html.erb within layouts/application (0.7ms)
Completed 200 OK in 22ms (Views: 20.1ms | ActiveRecord: 0.1ms)


Started GET "/albums/3" for 127.0.0.1 at 2018-11-05 23:39:06 +0300
Processing by AlbumsController#show as HTML
  Parameters: {"id"=>"3"}
  [1m[36mAlbum Load (0.1ms)[0m  [1m[34mSELECT  "albums".* FROM "albums" WHERE "albums"."id" = ? LIMIT ?[0m  [["id", 3], ["LIMIT", 1]]
  ↳ app/controllers/albums_controller.rb:7
  Rendering albums/show.html.erb within layouts/application
  Rendered albums/show.html.erb within layouts/application (0.4ms)
Completed 200 OK in 28ms (Views: 25.2ms | ActiveRecord: 0.1ms)


Started GET "/albums/3" for 127.0.0.1 at 2018-11-05 23:49:37 +0300
Processing by AlbumsController#show as HTML
  Parameters: {"id"=>"3"}
  [1m[36mAlbum Load (0.3ms)[0m  [1m[34mSELECT  "albums".* FROM "albums" WHERE "albums"."id" = ? LIMIT ?[0m  [["id", 3], ["LIMIT", 1]]
  ↳ app/controllers/albums_controller.rb:7
  Rendering albums/show.html.erb within layouts/application
  Rendered albums/show.html.erb within layouts/application (0.5ms)
Completed 200 OK in 26ms (Views: 22.8ms | ActiveRecord: 0.3ms)


Started GET "/albums/new" for 127.0.0.1 at 2018-11-05 23:49:44 +0300
Processing by AlbumsController#new as HTML
  Rendering albums/new.html.erb within layouts/application
  Rendered albums/_form.html.erb (3.2ms)
  Rendered albums/new.html.erb within layouts/application (5.7ms)
Completed 500 Internal Server Error in 12ms (ActiveRecord: 0.0ms)


  
ActionView::Template::Error (First argument in form cannot contain nil or be empty):
    1: <%= form_for @album do |form| %>
    2: Name: <%= form.text_field :name %>
    3: Key Photo: <%= form.url_field :key_photo %>
    4: Location: <%= form.text_field :location %>
  
app/views/albums/_form.html.erb:1:in `_app_views_albums__form_html_erb___3130009193539712411_70122696021260'
app/views/albums/new.html.erb:2:in `_app_views_albums_new_html_erb__1165435285161124779_70122689776380'
Started GET "/albums/new" for 127.0.0.1 at 2018-11-05 23:51:17 +0300
Processing by AlbumsController#new as HTML
  Rendering albums/new.html.erb within layouts/application
  Rendered albums/_form.html.erb (9.4ms)
  Rendered albums/new.html.erb within layouts/application (11.1ms)
Completed 200 OK in 35ms (Views: 26.1ms | ActiveRecord: 0.4ms)


Started GET "/albums/new" for 127.0.0.1 at 2018-11-05 23:54:39 +0300
Processing by AlbumsController#new as HTML
  Rendering albums/new.html.erb within layouts/application
  Rendered albums/_form.html.erb (1.4ms)
  Rendered albums/new.html.erb within layouts/application (3.2ms)
Completed 200 OK in 21ms (Views: 18.4ms | ActiveRecord: 0.0ms)


Started POST "/albums" for 127.0.0.1 at 2018-11-06 00:01:03 +0300
  
AbstractController::ActionNotFound (The action 'create' could not be found for AlbumsController):
  
actionpack (5.2.1) lib/abstract_controller/base.rb:129:in `process'
actionview (5.2.1) lib/action_view/rendering.rb:32:in `process'
actionpack (5.2.1) lib/action_controller/metal.rb:191:in `dispatch'
actionpack (5.2.1) lib/action_controller/metal.rb:252:in `dispatch'
actionpack (5.2.1) lib/action_dispatch/routing/route_set.rb:52:in `dispatch'
actionpack (5.2.1) lib/action_dispatch/routing/route_set.rb:34:in `serve'
actionpack (5.2.1) lib/action_dispatch/journey/router.rb:52:in `block in serve'
actionpack (5.2.1) lib/action_dispatch/journey/router.rb:35:in `each'
actionpack (5.2.1) lib/action_dispatch/journey/router.rb:35:in `serve'
actionpack (5.2.1) lib/action_dispatch/routing/route_set.rb:840:in `call'
rack (2.0.5) lib/rack/tempfile_reaper.rb:15:in `call'
rack (2.0.5) lib/rack/etag.rb:25:in `call'
rack (2.0.5) lib/rack/conditional_get.rb:38:in `call'
rack (2.0.5) lib/rack/head.rb:12:in `call'
actionpack (5.2.1) lib/action_dispatch/http/content_security_policy.rb:18:in `call'
rack (2.0.5) lib/rack/session/abstract/id.rb:232:in `context'
rack (2.0.5) lib/rack/session/abstract/id.rb:226:in `call'
actionpack (5.2.1) lib/action_dispatch/middleware/cookies.rb:670:in `call'
activerecord (5.2.1) lib/active_record/migration.rb:559:in `call'
actionpack (5.2.1) lib/action_dispatch/middleware/callbacks.rb:28:in `block in call'
activesupport (5.2.1) lib/active_support/callbacks.rb:98:in `run_callbacks'
actionpack (5.2.1) lib/action_dispatch/middleware/callbacks.rb:26:in `call'
actionpack (5.2.1) lib/action_dispatch/middleware/executor.rb:14:in `call'
actionpack (5.2.1) lib/action_dispatch/middleware/debug_exceptions.rb:61:in `call'
web-console (3.7.0) lib/web_console/middleware.rb:135:in `call_app'
web-console (3.7.0) lib/web_console/middleware.rb:30:in `block in call'
web-console (3.7.0) lib/web_console/middleware.rb:20:in `catch'
web-console (3.7.0) lib/web_console/middleware.rb:20:in `call'
actionpack (5.2.1) lib/action_dispatch/middleware/show_exceptions.rb:33:in `call'
railties (5.2.1) lib/rails/rack/logger.rb:38:in `call_app'
railties (5.2.1) lib/rails/rack/logger.rb:26:in `block in call'
activesupport (5.2.1) lib/active_support/tagged_logging.rb:71:in `block in tagged'
activesupport (5.2.1) lib/active_support/tagged_logging.rb:28:in `tagged'
activesupport (5.2.1) lib/active_support/tagged_logging.rb:71:in `tagged'
railties (5.2.1) lib/rails/rack/logger.rb:26:in `call'
sprockets-rails (3.2.1) lib/sprockets/rails/quiet_assets.rb:13:in `call'
actionpack (5.2.1) lib/action_dispatch/middleware/remote_ip.rb:81:in `call'
actionpack (5.2.1) lib/action_dispatch/middleware/request_id.rb:27:in `call'
rack (2.0.5) lib/rack/method_override.rb:22:in `call'
rack (2.0.5) lib/rack/runtime.rb:22:in `call'
activesupport (5.2.1) lib/active_support/cache/strategy/local_cache_middleware.rb:29:in `call'
actionpack (5.2.1) lib/action_dispatch/middleware/executor.rb:14:in `call'
actionpack (5.2.1) lib/action_dispatch/middleware/static.rb:127:in `call'
rack (2.0.5) lib/rack/sendfile.rb:111:in `call'
railties (5.2.1) lib/rails/engine.rb:524:in `call'
puma (3.12.0) lib/puma/configuration.rb:225:in `call'
puma (3.12.0) lib/puma/server.rb:658:in `handle_request'
puma (3.12.0) lib/puma/server.rb:472:in `process_client'
puma (3.12.0) lib/puma/server.rb:332:in `block in run'
puma (3.12.0) lib/puma/thread_pool.rb:133:in `block in spawn_thread'
Started POST "/albums" for 127.0.0.1 at 2018-11-06 00:03:44 +0300
Processing by AlbumsController#create as HTML
  Parameters: {"utf8"=>"✓", "authenticity_token"=>"PV1vGzvwzXOYoY41FSTLjnT3th2gG2n4kULBmfhWXq8Sf7rl8ug+4gr4Ku2d07pi5ah8HIfax+eSXT5WO9ObNg==", "album"=>{"name"=>"North Beach1", "key_photo"=>"https://encrypted-tbn0.gstatic.com/images?q=tbn:ANd9GcRshK0H6ufdTQrLVylB44AjKWHtM43rWUeN7njGjBc5B5aZ7SgN", "location"=>"Wollongong", "event"=>"picnic"}, "commit"=>"Create Album"}
Completed 500 Internal Server Error in 129ms (ActiveRecord: 0.0ms)


  
NameError (undefined local variable or method `album_params' for #<AlbumsController:0x00007f8d656c5558>
Did you mean?  album_path):
  
app/controllers/albums_controller.rb:15:in `create'
Started POST "/albums" for 127.0.0.1 at 2018-11-06 00:08:01 +0300
Processing by AlbumsController#create as HTML
  Parameters: {"utf8"=>"✓", "authenticity_token"=>"PV1vGzvwzXOYoY41FSTLjnT3th2gG2n4kULBmfhWXq8Sf7rl8ug+4gr4Ku2d07pi5ah8HIfax+eSXT5WO9ObNg==", "album"=>{"name"=>"North Beach1", "key_photo"=>"https://encrypted-tbn0.gstatic.com/images?q=tbn:ANd9GcRshK0H6ufdTQrLVylB44AjKWHtM43rWUeN7njGjBc5B5aZ7SgN", "location"=>"Wollongong", "event"=>"picnic"}, "commit"=>"Create Album"}
  [1m[35m (0.0ms)[0m  [1m[36mbegin transaction[0m
  ↳ app/controllers/albums_controller.rb:15
  [1m[36mAlbum Create (0.3ms)[0m  [1m[32mINSERT INTO "albums" ("created_at", "updated_at") VALUES (?, ?)[0m  [["created_at", "2018-11-05 21:08:01.147605"], ["updated_at", "2018-11-05 21:08:01.147605"]]
  ↳ app/controllers/albums_controller.rb:15
  [1m[35m (0.5ms)[0m  [1m[36mcommit transaction[0m
  ↳ app/controllers/albums_controller.rb:15
Redirected to http://localhost:3000/albums
Completed 302 Found in 11ms (ActiveRecord: 1.3ms)


Started GET "/albums" for 127.0.0.1 at 2018-11-06 00:08:01 +0300
Processing by AlbumsController#index as HTML
  Rendering albums/index.html.erb within layouts/application
  [1m[36mAlbum Load (0.1ms)[0m  [1m[34mSELECT "albums".* FROM "albums"[0m
  ↳ app/views/albums/index.html.erb:3
  Rendered albums/index.html.erb within layouts/application (1.1ms)
Completed 200 OK in 20ms (Views: 17.2ms | ActiveRecord: 0.1ms)


Started GET "/albums/4" for 127.0.0.1 at 2018-11-06 00:08:04 +0300
Processing by AlbumsController#show as HTML
  Parameters: {"id"=>"4"}
  [1m[36mAlbum Load (0.3ms)[0m  [1m[34mSELECT  "albums".* FROM "albums" WHERE "albums"."id" = ? LIMIT ?[0m  [["id", 4], ["LIMIT", 1]]
  ↳ app/controllers/albums_controller.rb:7
  Rendering albums/show.html.erb within layouts/application
  Rendered albums/show.html.erb within layouts/application (0.4ms)
Completed 200 OK in 19ms (Views: 13.8ms | ActiveRecord: 0.3ms)


Started POST "/albums" for 127.0.0.1 at 2018-11-06 00:08:11 +0300
Processing by AlbumsController#create as HTML
  Parameters: {"utf8"=>"✓", "authenticity_token"=>"PV1vGzvwzXOYoY41FSTLjnT3th2gG2n4kULBmfhWXq8Sf7rl8ug+4gr4Ku2d07pi5ah8HIfax+eSXT5WO9ObNg==", "album"=>{"name"=>"North Beach1", "key_photo"=>"https://encrypted-tbn0.gstatic.com/images?q=tbn:ANd9GcRshK0H6ufdTQrLVylB44AjKWHtM43rWUeN7njGjBc5B5aZ7SgN", "location"=>"Wollongong", "event"=>"picnic"}, "commit"=>"Create Album"}
  [1m[35m (0.1ms)[0m  [1m[36mbegin transaction[0m
  ↳ app/controllers/albums_controller.rb:15
  [1m[36mAlbum Create (0.4ms)[0m  [1m[32mINSERT INTO "albums" ("created_at", "updated_at") VALUES (?, ?)[0m  [["created_at", "2018-11-05 21:08:11.357437"], ["updated_at", "2018-11-05 21:08:11.357437"]]
  ↳ app/controllers/albums_controller.rb:15
  [1m[35m (2.2ms)[0m  [1m[36mcommit transaction[0m
  ↳ app/controllers/albums_controller.rb:15
Redirected to http://localhost:3000/albums
Completed 302 Found in 5ms (ActiveRecord: 2.6ms)


Started GET "/albums" for 127.0.0.1 at 2018-11-06 00:08:11 +0300
Processing by AlbumsController#index as HTML
  Rendering albums/index.html.erb within layouts/application
  [1m[36mAlbum Load (0.3ms)[0m  [1m[34mSELECT "albums".* FROM "albums"[0m
  ↳ app/views/albums/index.html.erb:3
  Rendered albums/index.html.erb within layouts/application (3.5ms)
Completed 200 OK in 42ms (Views: 40.1ms | ActiveRecord: 0.3ms)


Started GET "/albums/5" for 127.0.0.1 at 2018-11-06 00:08:20 +0300
Processing by AlbumsController#show as HTML
  Parameters: {"id"=>"5"}
  [1m[36mAlbum Load (0.1ms)[0m  [1m[34mSELECT  "albums".* FROM "albums" WHERE "albums"."id" = ? LIMIT ?[0m  [["id", 5], ["LIMIT", 1]]
  ↳ app/controllers/albums_controller.rb:7
  Rendering albums/show.html.erb within layouts/application
  Rendered albums/show.html.erb within layouts/application (0.4ms)
Completed 200 OK in 23ms (Views: 19.4ms | ActiveRecord: 0.1ms)


Started GET "/albums/4" for 127.0.0.1 at 2018-11-06 00:08:33 +0300
Processing by AlbumsController#show as HTML
  Parameters: {"id"=>"4"}
  [1m[36mAlbum Load (0.1ms)[0m  [1m[34mSELECT  "albums".* FROM "albums" WHERE "albums"."id" = ? LIMIT ?[0m  [["id", 4], ["LIMIT", 1]]
  ↳ app/controllers/albums_controller.rb:7
  Rendering albums/show.html.erb within layouts/application
  Rendered albums/show.html.erb within layouts/application (0.3ms)
Completed 200 OK in 22ms (Views: 17.9ms | ActiveRecord: 0.1ms)


Started GET "/albums/4" for 127.0.0.1 at 2018-11-06 00:10:49 +0300
Processing by AlbumsController#show as HTML
  Parameters: {"id"=>"4"}
  [1m[36mAlbum Load (0.2ms)[0m  [1m[34mSELECT  "albums".* FROM "albums" WHERE "albums"."id" = ? LIMIT ?[0m  [["id", 4], ["LIMIT", 1]]
  ↳ app/controllers/albums_controller.rb:7
  Rendering albums/show.html.erb within layouts/application
  Rendered albums/show.html.erb within layouts/application (0.5ms)
Completed 200 OK in 28ms (Views: 24.5ms | ActiveRecord: 0.2ms)


Started GET "/albums" for ::1 at 2018-11-06 14:12:38 +0300
  [1m[35m (0.4ms)[0m  [1m[34mSELECT "schema_migrations"."version" FROM "schema_migrations" ORDER BY "schema_migrations"."version" ASC[0m
  ↳ /Users/saud/.rvm/gems/ruby-2.5.3/gems/activerecord-5.2.1/lib/active_record/log_subscriber.rb:98
Processing by AlbumsController#index as HTML
  Rendering albums/index.html.erb within layouts/application
  [1m[36mAlbum Load (0.5ms)[0m  [1m[34mSELECT "albums".* FROM "albums"[0m
  ↳ app/views/albums/index.html.erb:3
  Rendered albums/index.html.erb within layouts/application (8.4ms)
Completed 200 OK in 201ms (Views: 192.2ms | ActiveRecord: 0.9ms)


Started GET "/albums/new" for ::1 at 2018-11-06 14:12:53 +0300
Processing by AlbumsController#new as HTML
  Rendering albums/new.html.erb within layouts/application
  Rendered albums/_form.html.erb (30.4ms)
  Rendered albums/new.html.erb within layouts/application (32.4ms)
Completed 200 OK in 51ms (Views: 49.1ms | ActiveRecord: 0.0ms)


Started POST "/albums" for ::1 at 2018-11-06 14:13:08 +0300
Processing by AlbumsController#create as HTML
  Parameters: {"utf8"=>"✓", "authenticity_token"=>"G15LmULAr2/8BAvUD3EoH12Jc61jf93/XlgV0ADtU840fJ5ni9hc/m5drwyHhlnzzNa5rES+c+BdR+ofw2iWVw==", "album"=>{"name"=>"myalbum", "key_photo"=>"", "location"=>"", "event"=>""}, "commit"=>"Create Album"}
  [1m[35m (0.1ms)[0m  [1m[36mbegin transaction[0m
  ↳ app/controllers/albums_controller.rb:15
  [1m[36mAlbum Create (0.7ms)[0m  [1m[32mINSERT INTO "albums" ("created_at", "updated_at") VALUES (?, ?)[0m  [["created_at", "2018-11-06 11:13:08.880315"], ["updated_at", "2018-11-06 11:13:08.880315"]]
  ↳ app/controllers/albums_controller.rb:15
  [1m[35m (0.5ms)[0m  [1m[36mcommit transaction[0m
  ↳ app/controllers/albums_controller.rb:15
Redirected to http://localhost:3001/albums
Completed 302 Found in 4ms (ActiveRecord: 1.3ms)


Started GET "/albums" for ::1 at 2018-11-06 14:13:08 +0300
Processing by AlbumsController#index as HTML
  Rendering albums/index.html.erb within layouts/application
  [1m[36mAlbum Load (0.1ms)[0m  [1m[34mSELECT "albums".* FROM "albums"[0m
  ↳ app/views/albums/index.html.erb:3
  Rendered albums/index.html.erb within layouts/application (1.2ms)
Completed 200 OK in 17ms (Views: 15.1ms | ActiveRecord: 0.1ms)


Started GET "/albums/6" for ::1 at 2018-11-06 14:13:11 +0300
Processing by AlbumsController#show as HTML
  Parameters: {"id"=>"6"}
  [1m[36mAlbum Load (0.2ms)[0m  [1m[34mSELECT  "albums".* FROM "albums" WHERE "albums"."id" = ? LIMIT ?[0m  [["id", 6], ["LIMIT", 1]]
  ↳ app/controllers/albums_controller.rb:7
  Rendering albums/show.html.erb within layouts/application
  Rendered albums/show.html.erb within layouts/application (0.3ms)
Completed 200 OK in 19ms (Views: 13.6ms | ActiveRecord: 0.2ms)


Started GET "/albums/new" for ::1 at 2018-11-06 14:15:03 +0300
Processing by AlbumsController#new as HTML
  Rendering albums/new.html.erb within layouts/application
  Rendered albums/_form.html.erb (1.4ms)
  Rendered albums/new.html.erb within layouts/application (3.5ms)
Completed 200 OK in 22ms (Views: 19.4ms | ActiveRecord: 0.0ms)


